\BOOKMARK [1][-]{section.1}{Template}{}% 1
\BOOKMARK [1][-]{section.2}{Data structures}{}% 2
\BOOKMARK [2][-]{subsection.2.1}{Simplified DSU \(Stolen from GGDem\)}{section.2}% 3
\BOOKMARK [2][-]{subsection.2.2}{Disjoint Set Union}{section.2}% 4
\BOOKMARK [2][-]{subsection.2.3}{Fenwick tree}{section.2}% 5
\BOOKMARK [2][-]{subsection.2.4}{Segment tree}{section.2}% 6
\BOOKMARK [2][-]{subsection.2.5}{Segment tree Lazy}{section.2}% 7
\BOOKMARK [2][-]{subsection.2.6}{Trie}{section.2}% 8
\BOOKMARK [1][-]{section.3}{Graphs}{}% 9
\BOOKMARK [2][-]{subsection.3.1}{Graph Transversal}{section.3}% 10
\BOOKMARK [3][-]{subsubsection.3.1.1}{BFS}{subsection.3.1}% 11
\BOOKMARK [3][-]{subsubsection.3.1.2}{DFS}{subsection.3.1}% 12
\BOOKMARK [2][-]{subsection.3.2}{Topological Sort}{section.3}% 13
\BOOKMARK [2][-]{subsection.3.3}{APSP: Floyd Warshall}{section.3}% 14
\BOOKMARK [2][-]{subsection.3.4}{SSSP}{section.3}% 15
\BOOKMARK [3][-]{subsubsection.3.4.1}{Lazy Dijkstra}{subsection.3.4}% 16
\BOOKMARK [3][-]{subsubsection.3.4.2}{Bellman-Ford}{subsection.3.4}% 17
\BOOKMARK [2][-]{subsection.3.5}{Strongly Connected Components: Kosaraju}{section.3}% 18
\BOOKMARK [2][-]{subsection.3.6}{Articulation Points and Bridges: ModTarjan}{section.3}% 19
\BOOKMARK [2][-]{subsection.3.7}{Kth-Ancestor using Binary Lifting}{section.3}% 20
\BOOKMARK [2][-]{subsection.3.8}{LCA using Binary Lifting}{section.3}% 21
\BOOKMARK [1][-]{section.4}{Math}{}% 22
\BOOKMARK [2][-]{subsection.4.1}{Identities}{section.4}% 23
\BOOKMARK [2][-]{subsection.4.2}{Binary Exponentiation and modArith}{section.4}% 24
\BOOKMARK [2][-]{subsection.4.3}{Modular Inverse \(dividir mod\)}{section.4}% 25
\BOOKMARK [2][-]{subsection.4.4}{Modular Binomial Coeficient and Permutations}{section.4}% 26
\BOOKMARK [2][-]{subsection.4.5}{Non-Mod Binomial Coeficient and Permutations}{section.4}% 27
\BOOKMARK [2][-]{subsection.4.6}{Modular Catalan Numbers}{section.4}% 28
\BOOKMARK [2][-]{subsection.4.7}{Ceil Fraccionario}{section.4}% 29
\BOOKMARK [2][-]{subsection.4.8}{Numeros de Fibonacci}{section.4}% 30
\BOOKMARK [2][-]{subsection.4.9}{Sieve Of Eratosthenes}{section.4}% 31
\BOOKMARK [2][-]{subsection.4.10}{Sieve-based Factorization}{section.4}% 32
\BOOKMARK [2][-]{subsection.4.11}{Cycle Finding}{section.4}% 33
\BOOKMARK [2][-]{subsection.4.12}{Berlekamp Massey}{section.4}% 34
\BOOKMARK [2][-]{subsection.4.13}{Modular Berlekamp Massey}{section.4}% 35
\BOOKMARK [2][-]{subsection.4.14}{Matrix exponentiation}{section.4}% 36
\BOOKMARK [2][-]{subsection.4.15}{Ecuaciones Diofantinas}{section.4}% 37
\BOOKMARK [2][-]{subsection.4.16}{Pollard-Rho, Stolen from GGDem}{section.4}% 38
\BOOKMARK [2][-]{subsection.4.17}{FFT, Stolen from GGDem}{section.4}% 39
\BOOKMARK [2][-]{subsection.4.18}{Euler Totient Function}{section.4}% 40
\BOOKMARK [1][-]{section.5}{Geometry}{}% 41
\BOOKMARK [1][-]{section.6}{Strings}{}% 42
\BOOKMARK [2][-]{subsection.6.1}{Explode by token}{section.6}% 43
\BOOKMARK [2][-]{subsection.6.2}{Multiple Hashings DS}{section.6}% 44
\BOOKMARK [2][-]{subsection.6.3}{Permute chars of string}{section.6}% 45
\BOOKMARK [2][-]{subsection.6.4}{Longest common subsequence}{section.6}% 46
\BOOKMARK [2][-]{subsection.6.5}{KMP}{section.6}% 47
\BOOKMARK [2][-]{subsection.6.6}{Suffix Array}{section.6}% 48
\BOOKMARK [2][-]{subsection.6.7}{STL Suffix Array}{section.6}% 49
\BOOKMARK [1][-]{section.7}{Clasicos}{}% 50
\BOOKMARK [2][-]{subsection.7.1}{Job scheduling}{section.7}% 51
\BOOKMARK [3][-]{subsubsection.7.1.1}{One machine, linear penalty}{subsection.7.1}% 52
\BOOKMARK [3][-]{subsubsection.7.1.2}{One machine, deadlines}{subsection.7.1}% 53
\BOOKMARK [3][-]{subsubsection.7.1.3}{One machine, profit}{subsection.7.1}% 54
\BOOKMARK [3][-]{subsubsection.7.1.4}{Two machines, min time}{subsection.7.1}% 55
\BOOKMARK [1][-]{section.8}{Flow}{}% 56
\BOOKMARK [2][-]{subsection.8.1}{Dinic, thx GGDem}{section.8}% 57
\BOOKMARK [1][-]{section.9}{Miscellaneous}{}% 58
\BOOKMARK [2][-]{subsection.9.1}{pbds}{section.9}% 59
\BOOKMARK [2][-]{subsection.9.2}{Bit Manipulation}{section.9}% 60
\BOOKMARK [1][-]{section.10}{Testing}{}% 61
\BOOKMARK [2][-]{subsection.10.1}{Gen and AutoRun testcases}{section.10}% 62
\BOOKMARK [3][-]{subsubsection.10.1.1}{Gen.cpp}{subsection.10.1}% 63
\BOOKMARK [3][-]{subsubsection.10.1.2}{Stress testing}{subsection.10.1}% 64
\BOOKMARK [3][-]{subsubsection.10.1.3}{Autorun}{subsection.10.1}% 65
\BOOKMARK [2][-]{subsection.10.2}{Highly Composite Numbers}{section.10}% 66
